<?xml version="1.0" encoding="UTF-8"?>
<!-- Generated by org.testng.reporters.JUnitXMLReporter -->
<testsuite hostname="Rajni-PC" ignored="0" name="Test" tests="1"
	failures="0" timestamp="19 Feb 2019 10:53:19 GMT" time="0.573" errors="0">
	<testcase name="@BeforeClass setup" time="0.0"
		classname="com.banking.baseclass.Base">
		<failure type="java.lang.IllegalStateException"
			message="The driver executable does not exist: C:\Users\Rajni\eclipse-workspace\banking\UsersRajnieclipse-workspacebankingdriverIEDriverServer.exe">
      <![CDATA[java.lang.IllegalStateException: The driver executable does not exist: C:\Users\Rajni\eclipse-workspace\banking\UsersRajnieclipse-workspacebankingdriverIEDriverServer.exe
	at com.google.common.base.Preconditions.checkState(Preconditions.java:585)
	at org.openqa.selenium.remote.service.DriverService.checkExecutable(DriverService.java:137)
	at org.openqa.selenium.remote.service.DriverService.findExecutable(DriverService.java:132)
	at org.openqa.selenium.ie.InternetExplorerDriverService.access$000(InternetExplorerDriverService.java:35)
	at org.openqa.selenium.ie.InternetExplorerDriverService$Builder.findDefaultExecutable(InternetExplorerDriverService.java:188)
	at org.openqa.selenium.remote.service.DriverService$Builder.build(DriverService.java:346)
	at org.openqa.selenium.ie.InternetExplorerDriver.setupService(InternetExplorerDriver.java:281)
	at org.openqa.selenium.ie.InternetExplorerDriver.<init>(InternetExplorerDriver.java:211)
	at org.openqa.selenium.ie.InternetExplorerDriver.<init>(InternetExplorerDriver.java:150)
	at com.banking.baseclass.Base.setup(Base.java:61)
... Removed 25 stack frames]]>
		</failure>
	</testcase> <!-- @BeforeClass setup -->
	<testcase name="@AfterClass tearDownn" time="0.0"
		classname="com.banking.baseclass.Base">
		<skipped />
	</testcase> <!-- @AfterClass tearDownn -->
	<testcase name="loginTest" time="0.004"
		classname="com.banking.test.TC_01_loginTest">
		<skipped />
	</testcase> <!-- loginTest -->
</testsuite> <!-- Test -->
