<?xml version="1.0" encoding="UTF-8"?>
<testng-results skipped="0" failed="0" total="1" passed="1">
  <reporter-output>
  </reporter-output>
  <suite name="Default suite" duration-ms="25568" started-at="2019-02-23T09:02:37Z" finished-at="2019-02-23T09:03:02Z">
    <groups>
    </groups>
    <test name="Default test" duration-ms="25568" started-at="2019-02-23T09:02:37Z" finished-at="2019-02-23T09:03:02Z">
      <class name="test.TC_03_Ammount_Deposit_test">
        <test-method status="PASS" signature="setup()[pri:0, instance:test.TC_03_Ammount_Deposit_test@464bee09]" name="setup" is-config="true" duration-ms="5212" started-at="2019-02-23T14:32:37Z" finished-at="2019-02-23T14:32:42Z">
          <reporter-output>
          </reporter-output>
        </test-method> <!-- setup -->
        <test-method status="PASS" signature="amountdepoit_test()[pri:0, instance:test.TC_03_Ammount_Deposit_test@464bee09]" name="amountdepoit_test" duration-ms="15010" started-at="2019-02-23T14:32:42Z" finished-at="2019-02-23T14:32:57Z">
          <reporter-output>
          </reporter-output>
        </test-method> <!-- amountdepoit_test -->
        <test-method status="PASS" signature="tearDownn()[pri:0, instance:test.TC_03_Ammount_Deposit_test@464bee09]" name="tearDownn" is-config="true" duration-ms="5308" started-at="2019-02-23T14:32:57Z" finished-at="2019-02-23T14:33:02Z">
          <reporter-output>
          </reporter-output>
        </test-method> <!-- tearDownn -->
      </class> <!-- test.TC_03_Ammount_Deposit_test -->
    </test> <!-- Default test -->
  </suite> <!-- Default suite -->
</testng-results>
